13:50:18.20 <info> localhost (in index.js:21)
13:50:18.23 <error> Unknown endpoint (in index.js:34)
13:51:17.96 <info> localhost (in index.js:21)
13:51:17.96 <error> Unknown endpoint (in index.js:34)
13:52:05.04 <info> localhost (in index.js:21)
13:52:05.04 <error> Unknown endpoint (in index.js:34)
13:52:12.14 <info> localhost (in index.js:21)
13:52:12.15 <error> Unknown endpoint (in index.js:34)
13:59:03.64 <info> localhost (in index.js:21)
13:59:03.64 <error> Unknown endpoint (in index.js:34)
13:59:38.76 <info> localhost (in index.js:21)
13:59:38.76 <error> Unknown endpoint (in index.js:34)
14:00:07.69 <info> localhost (in index.js:21)
14:00:07.69 <error> Unknown endpoint (in index.js:34)
14:01:01.29 <info> localhost (in index.js:21)
14:01:01.31 <error> Unknown endpoint (in index.js:34)
14:01:35.04 <info> localhost (in index.js:21)
14:01:35.07 <error> Unknown endpoint (in index.js:34)
14:02:09.19 <info> localhost (in index.js:21)
14:02:09.21 <error> Unknown endpoint (in index.js:34)
14:02:36.30 <info> localhost (in index.js:21)
14:02:36.30 <error> Unknown endpoint (in index.js:34)
14:03:49.16 <info> localhost (in index.js:21)
14:04:52.71 <info> localhost (in index.js:21)
14:04:52.71 <error> token is not a string! (in index.js:34)
14:05:02.42 <info> localhost (in index.js:21)
14:06:57.23 <info> localhost (in index.js:21)
14:09:49.40 <info> localhost (in index.js:21)
14:15:16.14 <info> localhost (in index.js:21)
14:15:34.25 <info> localhost (in index.js:21)
14:15:34.25 <error> token is not a string! (in index.js:34)
14:15:46.99 <info> localhost (in index.js:21)
14:15:46.99 <error> token is not a string! (in index.js:34)
14:16:05.76 <info> localhost (in index.js:21)
14:16:05.76 <error> token is not a string! (in index.js:34)
14:16:34.13 <info> localhost (in index.js:21)
14:17:45.70 <info> localhost (in index.js:21)
14:18:06.55 <info> localhost (in index.js:21)
14:18:17.01 <info> localhost (in index.js:21)
14:18:47.27 <info> localhost (in index.js:21)
14:18:47.29 <error> Unexpected token  in JSON at position 0 (in index.js:34)
14:18:51.30 <info> localhost (in index.js:21)
14:25:14.29 <info> 127.0.0.1 (in index.js:21)
14:25:14.32 <error> token is not a string! (in index.js:34)
14:25:14.37 <info> 127.0.0.1 (in index.js:21)
14:25:14.37 <error> token is not a string! (in index.js:34)
14:25:14.40 <info> 127.0.0.1 (in index.js:21)
14:25:14.40 <error> token is not a string! (in index.js:34)
14:25:14.41 <info> 127.0.0.1 (in index.js:21)
14:25:14.41 <error> token is not a string! (in index.js:34)
14:28:18.28 <info> 127.0.0.1 (in index.js:21)
14:28:18.30 <error> token is not a string! (in index.js:34)
14:28:18.33 <info> 127.0.0.1 (in index.js:21)
14:28:18.33 <error> token is not a string! (in index.js:34)
14:28:18.34 <info> 127.0.0.1 (in index.js:21)
14:28:18.34 <error> token is not a string! (in index.js:34)
14:28:18.36 <info> 127.0.0.1 (in index.js:21)
14:28:18.36 <error> token is not a string! (in index.js:34)
